\BOOKMARK [0][-]{chapter.1}{\376\377\0001\000\040\000I\000n\000t\000r\000o\000d\000u\000c\000t\000i\000o\000n}{}% 1
\BOOKMARK [1][-]{section.1.1}{\376\377\0001\000.\0001\000\040\000C\000o\000n\000t\000r\000i\000b\000u\000t\000i\000o\000n\000s\000\040\000o\000f\000\040\000t\000h\000i\000s\000\040\000T\000h\000e\000s\000i\000s}{chapter.1}% 2
\BOOKMARK [1][-]{section.1.2}{\376\377\0001\000.\0002\000\040\000R\000e\000l\000a\000t\000e\000d\000\040\000W\000o\000r\000k}{chapter.1}% 3
\BOOKMARK [1][-]{section.1.3}{\376\377\0001\000.\0003\000\040\000S\000t\000r\000u\000c\000t\000u\000r\000e\000\040\000o\000f\000\040\000t\000h\000i\000s\000\040\000T\000h\000e\000s\000i\000s}{chapter.1}% 4
\BOOKMARK [0][-]{chapter.2}{\376\377\0002\000\040\000G\000u\000i\000d\000e\000\040\000t\000o\000\040\000t\000h\000e\000\040\000T\000h\000e\000s\000i\000s\000\040\000C\000l\000a\000s\000s}{}% 5
\BOOKMARK [1][-]{section.2.1}{\376\377\0002\000.\0001\000\040\000I\000n\000s\000t\000a\000l\000l\000i\000n\000g\000\040\000a\000n\000d\000\040\000S\000e\000t\000t\000i\000n\000g\000\040\000U\000p\000\040\000t\000h\000e\000\040\000S\000y\000s\000t\000e\000m}{chapter.2}% 6
\BOOKMARK [1][-]{section.2.2}{\376\377\0002\000.\0002\000\040\000R\000u\000n\000n\000i\000n\000g\000\040\000L\000a\000T\000e\000X\000\040\000a\000n\000d\000\040\000B\000i\000b\000T\000e\000X}{chapter.2}% 7
\BOOKMARK [1][-]{section.2.3}{\376\377\0002\000.\0003\000\040\000S\000p\000e\000c\000i\000f\000y\000i\000n\000g\000\040\000t\000h\000e\000\040\000L\000a\000n\000g\000u\000a\000g\000e\000\040\000a\000n\000d\000\040\000V\000e\000r\000s\000i\000o\000n}{chapter.2}% 8
\BOOKMARK [1][-]{section.2.4}{\376\377\0002\000.\0004\000\040\000S\000p\000e\000c\000i\000f\000y\000i\000n\000g\000\040\000t\000h\000e\000\040\000O\000v\000e\000r\000a\000l\000l\000\040\000D\000e\000s\000i\000g\000n}{chapter.2}% 9
\BOOKMARK [1][-]{section.2.5}{\376\377\0002\000.\0005\000\040\000S\000p\000e\000c\000i\000f\000y\000i\000n\000g\000\040\000t\000h\000e\000\040\000M\000e\000t\000a\000d\000a\000t\000a\000\040\000L\000i\000k\000e\000\040\000T\000i\000t\000l\000e\000\040\000a\000n\000d\000\040\000A\000b\000s\000t\000r\000a\000c\000t}{chapter.2}% 10
\BOOKMARK [1][-]{section.2.6}{\376\377\0002\000.\0006\000\040\000I\000n\000c\000l\000u\000d\000i\000n\000g\000\040\000D\000e\000f\000a\000u\000l\000t\000\040\000a\000n\000d\000\040\000O\000p\000t\000i\000o\000n\000a\000l\000\040\000P\000a\000c\000k\000a\000g\000e\000s}{chapter.2}% 11
\BOOKMARK [1][-]{section.2.7}{\376\377\0002\000.\0007\000\040\000S\000t\000r\000u\000c\000t\000u\000r\000i\000n\000g\000\040\000t\000h\000e\000\040\000T\000h\000e\000s\000i\000s\000\040\000U\000s\000i\000n\000g\000\040\000C\000h\000a\000p\000t\000e\000r\000s\000\040\000a\000n\000d\000\040\000S\000e\000c\000t\000i\000o\000n\000s}{chapter.2}% 12
\BOOKMARK [1][-]{section.2.8}{\376\377\0002\000.\0008\000\040\000T\000y\000p\000e\000s\000e\000t\000t\000i\000n\000g\000\040\000B\000a\000s\000i\000c\000s}{chapter.2}% 13
\BOOKMARK [1][-]{section.2.9}{\376\377\0002\000.\0009\000\040\000T\000y\000p\000e\000s\000e\000t\000t\000i\000n\000g\000\040\000M\000a\000t\000h\000e\000m\000a\000t\000i\000c\000s}{chapter.2}% 14
\BOOKMARK [1][-]{section.2.10}{\376\377\0002\000.\0001\0000\000\040\000T\000y\000p\000e\000s\000e\000t\000t\000i\000n\000g\000\040\000\050\000P\000s\000e\000u\000d\000o\000\051\000\040\000C\000o\000d\000e}{chapter.2}% 15
\BOOKMARK [1][-]{section.2.11}{\376\377\0002\000.\0001\0001\000\040\000C\000r\000e\000a\000t\000i\000n\000g\000\040\000F\000i\000g\000u\000r\000e\000s\000\040\000a\000n\000d\000\040\000T\000a\000b\000l\000e\000s}{chapter.2}% 16
\BOOKMARK [1][-]{section.2.12}{\376\377\0002\000.\0001\0002\000\040\000C\000r\000e\000a\000t\000i\000n\000g\000\040\000G\000r\000a\000p\000h\000i\000c\000s}{chapter.2}% 17
\BOOKMARK [1][-]{section.2.13}{\376\377\0002\000.\0001\0003\000\040\000C\000r\000e\000a\000t\000i\000n\000g\000\040\000C\000r\000o\000s\000s\000\040\000R\000e\000f\000e\000r\000e\000n\000c\000e\000s\000,\000\040\000C\000i\000t\000a\000t\000i\000o\000n\000s\000\040\000a\000n\000d\000\040\000t\000h\000e\000\040\000B\000i\000b\000l\000i\000o\000g\000r\000a\000p\000h\000y}{chapter.2}% 18
\BOOKMARK [0][-]{chapter.3}{\376\377\0003\000\040\000Q\000u\000e\000s\000t\000i\000o\000n\000s\000\040\000\046\000\040\000A\000n\000s\000w\000e\000r\000s\000:\000\040\000H\000o\000w\000\040\000t\000o\000\040\000W\000r\000i\000t\000e\000\040\000a\000\040\000T\000h\000e\000s\000i\000s\000\040\000T\000h\000a\000t\000\040\000I\000s\000\040\000a\000\040\000P\000l\000e\000a\000s\000u\000r\000e\000\040\000t\000o\000\040\000R\000e\000a\000d}{}% 19
\BOOKMARK [1][-]{section.3.1}{\376\377\0003\000.\0001\000\040\000Q\000\046\000A\000:\000\040\000T\000h\000e\000s\000i\000s\000\040\000L\000e\000n\000g\000t\000h}{chapter.3}% 20
\BOOKMARK [1][-]{section.3.2}{\376\377\0003\000.\0002\000\040\000Q\000\046\000A\000:\000\040\000S\000t\000r\000u\000c\000t\000u\000r\000i\000n\000g\000\040\000a\000\040\000T\000h\000e\000s\000i\000s}{chapter.3}% 21
\BOOKMARK [1][-]{section.3.3}{\376\377\0003\000.\0003\000\040\000Q\000\046\000A\000:\000\040\000A\000b\000s\000t\000r\000a\000c\000t\000,\000\040\000I\000n\000t\000r\000o\000d\000u\000c\000t\000i\000o\000n\000\040\000a\000n\000d\000\040\000C\000o\000n\000c\000l\000u\000s\000i\000o\000n}{chapter.3}% 22
\BOOKMARK [1][-]{section.3.4}{\376\377\0003\000.\0004\000\040\000Q\000\046\000A\000:\000\040\000W\000r\000i\000t\000i\000n\000g\000\040\000S\000c\000i\000e\000n\000t\000i\000f\000i\000c\000\040\000T\000e\000x\000t}{chapter.3}% 23
\BOOKMARK [1][-]{section.3.5}{\376\377\0003\000.\0005\000\040\000Q\000\046\000A\000:\000\040\000H\000o\000w\000\040\000t\000o\000\040\000W\000r\000i\000t\000e\000\040\000M\000a\000t\000h\000e\000m\000a\000t\000i\000c\000a\000l\000\040\000T\000e\000x\000t}{chapter.3}% 24
\BOOKMARK [1][-]{section.3.6}{\376\377\0003\000.\0006\000\040\000Q\000\046\000A\000:\000\040\000L\000a\000n\000g\000u\000a\000g\000e\000\040\000a\000n\000d\000\040\000S\000p\000e\000l\000l\000i\000n\000g}{chapter.3}% 25
\BOOKMARK [1][-]{section.3.7}{\376\377\0003\000.\0007\000\040\000Q\000\046\000A\000:\000\040\000C\000r\000e\000a\000t\000i\000n\000g\000\040\000F\000i\000g\000u\000r\000e\000s\000\040\000a\000n\000d\000\040\000T\000a\000b\000l\000e\000s}{chapter.3}% 26
\BOOKMARK [1][-]{section.3.8}{\376\377\0003\000.\0008\000\040\000Q\000\046\000A\000:\000\040\000H\000o\000w\000\040\000t\000o\000\040\000C\000i\000t\000e\000\040\000a\000n\000d\000\040\000W\000h\000a\000t\000\040\000t\000o\000\040\000C\000i\000t\000e}{chapter.3}% 27
\BOOKMARK [0][-]{chapter.4}{\376\377\0004\000\040\000C\000o\000n\000c\000l\000u\000s\000i\000o\000n}{}% 28
\BOOKMARK [0][-]{chapter*.32}{\376\377\000B\000i\000b\000l\000i\000o\000g\000r\000a\000p\000h\000y}{}% 29
