This is pdfTeX, Version 3.141592653-2.6-1.40.25 (MiKTeX 23.12) (preloaded format=pdflatex 2024.2.28)  29 FEB 2024 16:51
entering extended mode
 restricted \write18 enabled.
 file:line:error style messages enabled.
 %&-line parsing enabled.
**/home/meinsein/jakob_uni/masterarbeit/writing/report/report.tex
(/home/meinsein/jakob_uni/masterarbeit/writing/report/report.tex
LaTeX2e <2023-11-01> patch level 1
L3 programming layer <2024-02-13>
(/home/meinsein/.miktex/texmfs/install/tex/latex/base/report.cls
Document Class: report 2023/05/17 v1.4n Standard LaTeX document class
(/home/meinsein/.miktex/texmfs/install/tex/latex/base/size10.clo
File: size10.clo 2023/05/17 v1.4n Standard LaTeX file (size option)
)
\c@part=\count188
\c@chapter=\count189
\c@section=\count190
\c@subsection=\count191
\c@subsubsection=\count192
\c@paragraph=\count193
\c@subparagraph=\count194
\c@figure=\count195
\c@table=\count196
\abovecaptionskip=\skip48
\belowcaptionskip=\skip49
\bibindent=\dimen140
) (/home/meinsein/.miktex/texmfs/install/tex/generic/babel/babel.sty
Package: babel 2024/02/07 v24.2 The Babel package
\babel@savecnt=\count197
\U@D=\dimen141
\l@unhyphenated=\language1
 (/home/meinsein/.miktex/texmfs/install/tex/generic/babel/txtbabel.def)
\bbl@readstream=\read2
\bbl@dirlevel=\count198

*************************************
* Local config file bblopts.cfg used
*
(/home/meinsein/.miktex/texmfs/install/tex/latex/arabi/bblopts.cfg
File: bblopts.cfg 2005/09/08 v0.1 add Arabic and Farsi to "declared" options of babel
) (/home/meinsein/.miktex/texmfs/install/tex/latex/babel-german/ngerman.ldf
Language: ngerman 2024/01/19 v2.14 German support for babel (post-1996 orthography)
 (/home/meinsein/.miktex/texmfs/install/tex/latex/babel-german/ngermanb.ldf
Language: ngermanb 2024/01/19 v2.14 German support for babel (post-1996 orthography)


Package babel Warning: No hyphenation patterns were preloaded for
(babel)                the language 'German (new orthography)' into the format.
(babel)                Please, configure your TeX system to add them and
(babel)                rebuild the format. Now I will use the patterns
(babel)                preloaded for \language=0 instead on input line 48.

Package babel Info: Making " an active character on input line 122.
))) (/home/meinsein/.miktex/texmfs/install/tex/generic/babel/locale/de/babel-ngerman.tex
Package babel Info: Importing font and identification data for ngerman
(babel)             from babel-de.ini. Reported on input line 11.
) (/home/meinsein/.miktex/texmfs/install/tex/latex/l3backend/l3backend-pdftex.def
File: l3backend-pdftex.def 2024-01-04 L3 backend support: PDF output (pdfTeX)
\l__color_backend_stack_int=\count199
\l__pdf_internal_box=\box51
) (report.aux)
\openout1 = `report.aux'.

LaTeX Font Info:    Checking defaults for OML/cmm/m/it on input line 7.
LaTeX Font Info:    ... okay on input line 7.
LaTeX Font Info:    Checking defaults for OMS/cmsy/m/n on input line 7.
LaTeX Font Info:    ... okay on input line 7.
LaTeX Font Info:    Checking defaults for OT1/cmr/m/n on input line 7.
LaTeX Font Info:    ... okay on input line 7.
LaTeX Font Info:    Checking defaults for T1/cmr/m/n on input line 7.
LaTeX Font Info:    ... okay on input line 7.
LaTeX Font Info:    Checking defaults for TS1/cmr/m/n on input line 7.
LaTeX Font Info:    ... okay on input line 7.
LaTeX Font Info:    Checking defaults for OMX/cmex/m/n on input line 7.
LaTeX Font Info:    ... okay on input line 7.
LaTeX Font Info:    Checking defaults for U/cmr/m/n on input line 7.
LaTeX Font Info:    ... okay on input line 7.
LaTeX Font Info:    External font `cmex10' loaded for size
(Font)              <12> on input line 9.
LaTeX Font Info:    External font `cmex10' loaded for size
(Font)              <8> on input line 9.
LaTeX Font Info:    External font `cmex10' loaded for size
(Font)              <6> on input line 9.
 [1

{/home/meinsein/.miktex/texmfs/data/fonts/map/pdftex/pdftex.map}]
LaTeX Font Info:    External font `cmex10' loaded for size
(Font)              <7> on input line 23.
LaTeX Font Info:    External font `cmex10' loaded for size
(Font)              <5> on input line 23.

Overfull \hbox (8.65793pt too wide) in paragraph at lines 31--31
[]\OT1/cmr/bx/n/14.4 Experimente mit Retrieval Augmented Generation 
 []

[1] [2] [3] (report.aux)
 ***********
LaTeX2e <2023-11-01> patch level 1
L3 programming layer <2024-02-13>
 ***********
 ) 
Here is how much of TeX's memory you used:
 1608 strings out of 476397
 29662 string characters out of 5794388
 1931995 words of memory out of 5000000
 23724 multiletter control sequences out of 15000+600000
 562055 words of font info for 49 fonts, out of 8000000 for 9000
 0 hyphenation exceptions out of 8191
 43i,8n,52p,302b,189s stack positions out of 10000i,1000n,20000p,200000b,200000s
</home/meinsein/.miktex/texmfs/install/fonts/type1/public/amsfonts/cm/cmbx12.pfb></home/meinsein/.miktex/texmfs/install/fonts/type1/public/amsfonts/cm/cmr10.pfb></home/meinsein/.miktex/texmfs/install/fonts/type1/public/amsfonts/cm/cmr12.pfb></home/meinsein/.miktex/texmfs/install/fonts/type1/public/amsfonts/cm/cmr17.pfb></home/meinsein/.miktex/texmfs/install/fonts/type1/public/amsfonts/cm/cmr6.pfb></home/meinsein/.miktex/texmfs/install/fonts/type1/public/amsfonts/cm/cmr7.pfb></home/meinsein/.miktex/texmfs/install/fonts/type1/public/amsfonts/cm/cmr8.pfb></home/meinsein/.miktex/texmfs/install/fonts/type1/public/amsfonts/cm/cmti10.pfb>
Output written on report.pdf (4 pages, 113203 bytes).
PDF statistics:
 55 PDF objects out of 1000 (max. 8388607)
 0 named destinations out of 1000 (max. 500000)
 1 words of extra memory for PDF output out of 10000 (max. 10000000)

